\BOOKMARK [2][]{Outline0.1}{\376\377\000T\000h\000e\000\040\000N\000a\000t\000u\000r\000e\000\040\000o\000f\000\040\000S\000t\000a\000t\000i\000s\000t\000i\000c\000a\000l\000\040\000M\000o\000d\000e\000l\000s}{}% 1
\BOOKMARK [2][]{Outline0.2}{\376\377\000U\000n\000i\000t\000\040\000P\000l\000a\000n}{}% 2
\BOOKMARK [2][]{Outline0.3}{\376\377\000S\000t\000a\000t\000i\000s\000t\000i\000c\000a\000l\000\040\000M\000o\000d\000e\000l\000s}{}% 3
\BOOKMARK [2][]{Outline0.4}{\376\377\000R\000e\000a\000d\000i\000n\000g\000\040\000A\000s\000s\000i\000g\000n\000m\000e\000n\000t}{}% 4
\BOOKMARK [2][]{Outline0.5}{\376\377\000P\000r\000o\000b\000a\000b\000i\000l\000i\000t\000y\000\040\000i\000s\000\040\000R\000e\000a\000s\000o\000n\000i\000n\000g\000\040\000U\000n\000d\000e\000r\000\040\000U\000n\000c\000e\000r\000t\000a\000i\000n\000t\000y}{}% 5
\BOOKMARK [2][]{Outline0.6}{\376\377\000L\000e\000a\000r\000n\000o\000s\000i\000t\000y\000:\000\040\000S\000e\000t\000\040\000T\000h\000e\000o\000r\000y\000\040\000D\000i\000a\000g\000n\000o\000s\000t\000i\000c\000\040\000Q\000u\000i\000z}{}% 6
\BOOKMARK [2][]{Outline0.7}{\376\377\000T\000h\000e\000\040\000S\000e\000t\000\040\000O\000p\000e\000r\000a\000t\000i\000o\000n\000s\000,\000\040\000P\000a\000r\000t\000\040\0001}{}% 7
\BOOKMARK [2][]{Outline0.8}{\376\377\000T\000h\000e\000\040\000S\000e\000t\000\040\000O\000p\000e\000r\000a\000t\000i\000o\000n\000s\000,\000\040\000P\000a\000r\000t\000\040\0002}{}% 8
\BOOKMARK [2][]{Outline0.9}{\376\377\000S\000e\000t\000\040\000P\000a\000r\000t\000i\000t\000i\000o\000n\000s}{}% 9
\BOOKMARK [2][]{Outline0.10}{\376\377\000P\000r\000o\000b\000a\000b\000i\000l\000i\000t\000y\000\040\000S\000p\000a\000c\000e\000s}{}% 10
\BOOKMARK [2][]{Outline0.11}{\376\377\000L\000e\000a\000r\000n\000o\000s\000i\000t\000y\000\040\000C\000o\000n\000c\000e\000p\000t\000\040\000C\000h\000e\000c\000k}{}% 11
\BOOKMARK [2][]{Outline0.12}{\376\377\000R\000e\000a\000d\000i\000n\000g\000:\000\040\000P\000r\000o\000p\000e\000r\000t\000i\000e\000s\000\040\000o\000f\000\040\000P\000r\000o\000b\000a\000b\000i\000l\000i\000t\000y}{}% 12
\BOOKMARK [2][]{Outline0.13}{\376\377\000D\000e\000r\000i\000v\000i\000n\000g\000\040\000P\000r\000o\000p\000e\000r\000t\000i\000e\000s\000\040\000o\000f\000\040\000P\000r\000o\000b\000a\000b\000i\000l\000i\000t\000y}{}% 13
\BOOKMARK [2][]{Outline0.14}{\376\377\000L\000e\000a\000r\000n\000o\000s\000i\000t\000y\000\040\000C\000o\000n\000c\000e\000p\000t\000\040\000C\000h\000e\000c\000k\000\040\000-\000\040\000A\000d\000d\000i\000t\000i\000o\000n\000\040\000R\000u\000l\000e}{}% 14
\BOOKMARK [2][]{Outline0.15}{\376\377\000L\000e\000a\000r\000n\000o\000s\000i\000t\000y\000\040\000C\000o\000n\000c\000e\000p\000t\000\040\000C\000h\000e\000c\000k\000\040\000-\000\040\000A\000p\000p\000l\000y\000i\000n\000g\000\040\000t\000h\000e\000\040\000A\000d\000d\000i\000t\000i\000o\000n\000\040\000R\000u\000l\000e}{}% 15
\BOOKMARK [2][]{Outline0.16}{\376\377\000C\000o\000n\000d\000i\000t\000i\000o\000n\000a\000l\000\040\000P\000r\000o\000b\000a\000b\000i\000l\000i\000t\000y}{}% 16
\BOOKMARK [2][]{Outline0.17}{\376\377\000L\000e\000a\000r\000n\000o\000s\000i\000t\000y\000\040\000C\000h\000e\000c\000k}{}% 17
\BOOKMARK [2][]{Outline0.18}{\376\377\000R\000e\000a\000d\000i\000n\000g\000:\000\040\000B\000a\000y\000e\000s\000'\000\040\000R\000u\000l\000e}{}% 18
\BOOKMARK [2][]{Outline0.19}{\376\377\000T\000o\000t\000a\000l\000\040\000P\000r\000o\000b\000a\000b\000i\000l\000i\000t\000y}{}% 19
\BOOKMARK [2][]{Outline0.20}{\376\377\000B\000a\000y\000e\000s\000'\000\040\000R\000u\000l\000e}{}% 20
\BOOKMARK [2][]{Outline0.21}{\376\377\000R\000e\000a\000d\000i\000n\000g\000:\000\040\000I\000n\000d\000e\000p\000e\000n\000d\000e\000n\000c\000e}{}% 21
\BOOKMARK [2][]{Outline0.22}{\376\377\000I\000n\000d\000e\000p\000e\000n\000d\000e\000n\000c\000e}{}% 22
\BOOKMARK [2][]{Outline0.23}{\376\377\000F\000r\000a\000m\000i\000n\000g\000\040\000t\000h\000e\000\040\000F\000o\000l\000l\000o\000w\000i\000n\000g\000\040\000S\000e\000g\000m\000e\000n\000t}{}% 23
\BOOKMARK [2][]{Outline0.24}{\376\377\000P\000r\000o\000b\000a\000b\000i\000l\000i\000t\000y\000\040\000a\000n\000d\000\040\000P\000o\000l\000i\000c\000e\000\040\000S\000h\000o\000o\000t\000i\000n\000g\000s}{}% 24
